0 info it worked if it ends with ok
1 verbose cli [ 'node',
1 verbose cli   'C:\\Documents and Settings\\Administrator\\Application Data\\npm\\node_modules\\npm\\bin\\npm-cli.js',
1 verbose cli   'start' ]
2 info using npm@3.3.3
3 info using node@v0.12.7
4 verbose run-script [ 'prestart', 'start', 'poststart' ]
5 info lifecycle chairman-connect-api@0.0.0~prestart: chairman-connect-api@0.0.0
6 silly lifecycle chairman-connect-api@0.0.0~prestart: no script for prestart, continuing
7 info lifecycle chairman-connect-api@0.0.0~start: chairman-connect-api@0.0.0
8 verbose lifecycle chairman-connect-api@0.0.0~start: unsafe-perm in lifecycle true
9 verbose lifecycle chairman-connect-api@0.0.0~start: PATH: C:\Documents and Settings\Administrator\Application Data\npm\node_modules\npm\bin\node-gyp-bin;C:\2-10\chairmanconnectapi\node_modules\.bin;C:\Documents and Settings\All Users\Application Data\Oracle\Java\javapath;C:\WINDOWS\system32;C:\WINDOWS;C:\WINDOWS\System32\Wbem;C:\Program Files\nodejs\;C:\Program Files\Skype\Phone\;C:\Documents and Settings\Administrator\Application Data\npm
10 verbose lifecycle chairman-connect-api@0.0.0~start: CWD: C:\2-10\chairmanconnectapi
11 silly lifecycle chairman-connect-api@0.0.0~start: Args: [ '/d /s /c', 'node ./bin/www' ]
12 silly lifecycle chairman-connect-api@0.0.0~start: Returned: code: 1  signal: null
13 info lifecycle chairman-connect-api@0.0.0~start: Failed to exec start script
14 verbose stack Error: chairman-connect-api@0.0.0 start: `node ./bin/www`
14 verbose stack Exit status 1
14 verbose stack     at EventEmitter.<anonymous> (C:\Documents and Settings\Administrator\Application Data\npm\node_modules\npm\lib\utils\lifecycle.js:233:16)
14 verbose stack     at EventEmitter.emit (events.js:110:17)
14 verbose stack     at ChildProcess.<anonymous> (C:\Documents and Settings\Administrator\Application Data\npm\node_modules\npm\lib\utils\spawn.js:24:14)
14 verbose stack     at ChildProcess.emit (events.js:110:17)
14 verbose stack     at maybeClose (child_process.js:1015:16)
14 verbose stack     at Process.ChildProcess._handle.onexit (child_process.js:1087:5)
15 verbose pkgid chairman-connect-api@0.0.0
16 verbose cwd C:\2-10\chairmanconnectapi
17 error Windows_NT 5.1.2600
18 error argv "node" "C:\\Documents and Settings\\Administrator\\Application Data\\npm\\node_modules\\npm\\bin\\npm-cli.js" "start"
19 error node v0.12.7
20 error npm  v3.3.3
21 error code ELIFECYCLE
22 error chairman-connect-api@0.0.0 start: `node ./bin/www`
22 error Exit status 1
23 error Failed at the chairman-connect-api@0.0.0 start script 'node ./bin/www'.
23 error This is most likely a problem with the chairman-connect-api package,
23 error not with npm itself.
23 error Tell the author that this fails on your system:
23 error     node ./bin/www
23 error You can get their info via:
23 error     npm owner ls chairman-connect-api
23 error There is likely additional logging output above.
24 verbose exit [ 1, true ]
